<?xml version="1.0"?><coverage lines-covered="1125" lines-valid="4086" line-rate="0.2753303964757709" branches-covered="0" branches-valid="0" branch-rate="0" complexity="0" version="1.9" timestamp="1775470805"><sources><source>/home/hzhou/workspace/kayak/kayak-backend</source></sources><packages><package name="src/services/device" line-rate="0" branch-rate="0" complexity="0"><classes><class name="service" filename="src/services/device/service.rs" line-rate="0" branch-rate="0" complexity="0"><methods/><lines><line number="60" hits="0"/><line number="75" hits="0"/><line number="80" hits="0"/><line number="82" hits="0"/><line number="83" hits="0"/><line number="84" hits="0"/><line number="86" hits="0"/><line number="87" hits="0"/><line number="88" hits="0"/><line number="89" hits="0"/><line number="94" hits="0"/><line number="99" hits="0"/><line number="101" hits="0"/><line number="102" hits="0"/><line number="103" hits="0"/><line number="105" hits="0"/><line number="106" hits="0"/><line number="107" hits="0"/><line number="108" hits="0"/><line number="109" hits="0"/><line number="111" hits="0"/><line number="116" hits="0"/><line number="121" hits="0"/><line number="122" hits="0"/><line number="125" hits="0"/><line number="127" hits="0"/><line number="128" hits="0"/><line number="129" hits="0"/><line number="131" hits="0"/><line number="135" hits="0"/><line number="137" hits="0"/><line number="138" hits="0"/><line number="139" hits="0"/><line number="140" hits="0"/><line number="141" hits="0"/><line number="142" hits="0"/><line number="143" hits="0"/><line number="144" hits="0"/><line number="145" hits="0"/><line number="146" hits="0"/><line number="147" hits="0"/><line number="148" hits="0"/><line number="154" hits="0"/><line number="155" hits="0"/><line number="156" hits="0"/><line number="157" hits="0"/><line number="164" hits="0"/><line number="170" hits="0"/><line number="171" hits="0"/><line number="174" hits="0"/><line number="176" hits="0"/><line number="178" hits="0"/><line number="179" hits="0"/><line number="180" hits="0"/><line number="182" hits="0"/><line number="183" hits="0"/><line number="185" hits="0"/><line number="186" hits="0"/><line number="187" hits="0"/><line number="189" hits="0"/><line number="193" hits="0"/><line number="194" hits="0"/><line number="198" hits="0"/><line number="199" hits="0"/><line number="207" hits="0"/><line number="208" hits="0"/><line number="210" hits="0"/><line number="214" hits="0"/><line number="215" hits="0"/><line number="216" hits="0"/><line number="217" hits="0"/><line number="218" hits="0"/><line number="221" hits="0"/><line number="224" hits="0"/><line number="225" hits="0"/><line number="227" hits="0"/><line number="230" hits="0"/><line number="231" hits="0"/><line number="233" hits="0"/><line number="236" hits="0"/><line number="239" hits="0"/><line number="240" hits="0"/><line number="242" hits="0"/><line number="244" hits="0"/><line number="245" hits="0"/><line number="246" hits="0"/><line number="248" hits="0"/><line number="251" hits="0"/><line number="260" hits="0"/><line number="261" hits="0"/><line number="263" hits="0"/><line number="264" hits="0"/><line number="265" hits="0"/><line number="266" hits="0"/><line number="267" hits="0"/><line number="269" hits="0"/><line number="270" hits="0"/><line number="271" hits="0"/><line number="272" hits="0"/><line number="275" hits="0"/><line number="277" hits="0"/><line number="278" hits="0"/><line number="279" hits="0"/><line number="283" hits="0"/><line number="289" hits="0"/><line number="292" hits="0"/><line number="296" hits="0"/><line number="299" hits="0"/><line number="300" hits="0"/><line number="301" hits="0"/><line number="302" hits="0"/><line number="303" hits="0"/><line number="304" hits="0"/><line number="307" hits="0"/><line number="309" hits="0"/><line number="312" hits="0"/><line number="313" hits="0"/><line number="316" hits="0"/><line number="318" hits="0"/><line number="319" hits="0"/><line number="320" hits="0"/><line number="323" hits="0"/><line number="324" hits="0"/><line number="327" hits="0"/><line number="329" hits="0"/><line number="330" hits="0"/><line number="331" hits="0"/><line number="332" hits="0"/><line number="335" hits="0"/><line number="338" hits="0"/><line number="339" hits="0"/><line number="340" hits="0"/><line number="341" hits="0"/><line number="344" hits="0"/></lines></class></classes></package><package name="src/services/hdf5" line-rate="0.12574850299401197" branch-rate="0" complexity="0"><classes><class name="error" filename="src/services/hdf5/error.rs" line-rate="0" branch-rate="0" complexity="0"><methods/><lines><line number="62" hits="0"/><line number="63" hits="0"/></lines></class><class name="path" filename="src/services/hdf5/path.rs" line-rate="0.9130434782608695" branch-rate="0" complexity="0"><methods/><lines><line number="22" hits="1"/><line number="24" hits="2"/><line number="39" hits="1"/><line number="48" hits="1"/><line number="53" hits="1"/><line number="55" hits="1"/><line number="57" hits="2"/><line number="60" hits="2"/><line number="61" hits="1"/><line number="62" hits="1"/><line number="63" hits="1"/><line number="66" hits="1"/><line number="68" hits="1"/><line number="74" hits="1"/><line number="77" hits="3"/><line number="80" hits="1"/><line number="81" hits="1"/><line number="85" hits="1"/><line number="86" hits="1"/><line number="90" hits="0"/><line number="91" hits="0"/><line number="96" hits="1"/><line number="97" hits="1"/></lines></class><class name="service" filename="src/services/hdf5/service.rs" line-rate="0" branch-rate="0" complexity="0"><methods/><lines><line number="80" hits="0"/><line number="82" hits="0"/><line number="83" hits="0"/><line number="88" hits="0"/><line number="89" hits="0"/><line number="90" hits="0"/><line number="92" hits="0"/><line number="93" hits="0"/><line number="94" hits="0"/><line number="96" hits="0"/><line number="100" hits="0"/><line number="105" hits="0"/><line number="106" hits="0"/><line number="108" hits="0"/><line number="109" hits="0"/><line number="114" hits="0"/><line number="119" hits="0"/><line number="120" hits="0"/><line number="126" hits="0"/><line number="127" hits="0"/><line number="128" hits="0"/><line number="130" hits="0"/><line number="131" hits="0"/><line number="132" hits="0"/><line number="133" hits="0"/><line number="138" hits="0"/><line number="140" hits="0"/><line number="142" hits="0"/><line number="143" hits="0"/><line number="145" hits="0"/><line number="148" hits="0"/><line number="149" hits="0"/><line number="150" hits="0"/><line number="152" hits="0"/><line number="153" hits="0"/><line number="154" hits="0"/><line number="158" hits="0"/><line number="160" hits="0"/><line number="162" hits="0"/><line number="163" hits="0"/><line number="165" hits="0"/><line number="168" hits="0"/><line number="169" hits="0"/><line number="171" hits="0"/><line number="172" hits="0"/><line number="173" hits="0"/><line number="176" hits="0"/><line number="177" hits="0"/><line number="178" hits="0"/><line number="179" hits="0"/><line number="181" hits="0"/><line number="183" hits="0"/><line number="184" hits="0"/><line number="186" hits="0"/><line number="189" hits="0"/><line number="190" hits="0"/><line number="191" hits="0"/><line number="193" hits="0"/><line number="194" hits="0"/><line number="197" hits="0"/><line number="198" hits="0"/><line number="200" hits="0"/><line number="203" hits="0"/><line number="204" hits="0"/><line number="205" hits="0"/><line number="206" hits="0"/><line number="210" hits="0"/><line number="211" hits="0"/><line number="212" hits="0"/><line number="214" hits="0"/><line number="216" hits="0"/><line number="217" hits="0"/><line number="218" hits="0"/><line number="220" hits="0"/><line number="222" hits="0"/><line number="226" hits="0"/><line number="227" hits="0"/><line number="229" hits="0"/><line number="233" hits="0"/><line number="240" hits="0"/><line number="242" hits="0"/><line number="244" hits="0"/><line number="245" hits="0"/><line number="246" hits="0"/><line number="248" hits="0"/><line number="251" hits="0"/><line number="252" hits="0"/><line number="253" hits="0"/><line number="254" hits="0"/><line number="256" hits="0"/><line number="257" hits="0"/><line number="259" hits="0"/><line number="263" hits="0"/><line number="265" hits="0"/><line number="266" hits="0"/><line number="267" hits="0"/><line number="269" hits="0"/><line number="270" hits="0"/><line number="271" hits="0"/><line number="274" hits="0"/><line number="276" hits="0"/><line number="278" hits="0"/><line number="280" hits="0"/><line number="281" hits="0"/><line number="282" hits="0"/><line number="284" hits="0"/><line number="287" hits="0"/><line number="288" hits="0"/><line number="290" hits="0"/><line number="291" hits="0"/><line number="292" hits="0"/><line number="294" hits="0"/><line number="295" hits="0"/><line number="296" hits="0"/><line number="298" hits="0"/><line number="301" hits="0"/><line number="304" hits="0"/><line number="309" hits="0"/><line number="311" hits="0"/><line number="312" hits="0"/><line number="313" hits="0"/><line number="315" hits="0"/><line number="316" hits="0"/><line number="317" hits="0"/><line number="319" hits="0"/><line number="322" hits="0"/><line number="327" hits="0"/><line number="330" hits="0"/><line number="331" hits="0"/><line number="333" hits="0"/><line number="334" hits="0"/><line number="335" hits="0"/><line number="336" hits="0"/><line number="338" hits="0"/><line number="343" hits="0"/><line number="346" hits="0"/><line number="347" hits="0"/><line number="348" hits="0"/><line number="349" hits="0"/><line number="351" hits="0"/><line number="352" hits="0"/><line number="354" hits="0"/></lines></class></classes></package><package name="src/auth" line-rate="0.38235294117647056" branch-rate="0" complexity="0"><classes><class name="dtos" filename="src/auth/dtos.rs" line-rate="0.7142857142857143" branch-rate="0" complexity="0"><methods/><lines><line number="68" hits="0"/><line number="70" hits="0"/><line number="71" hits="0"/><line number="72" hits="0"/><line number="87" hits="2"/><line number="88" hits="1"/><line number="89" hits="1"/><line number="93" hits="6"/><line number="94" hits="1"/><line number="98" hits="6"/><line number="99" hits="1"/><line number="103" hits="6"/><line number="104" hits="1"/><line number="108" hits="2"/></lines></class><class name="error" filename="src/auth/error.rs" line-rate="0" branch-rate="0" complexity="0"><methods/><lines><line number="44" hits="0"/><line number="45" hits="0"/><line number="46" hits="0"/><line number="47" hits="0"/><line number="49" hits="0"/><line number="51" hits="0"/><line number="53" hits="0"/><line number="55" hits="0"/><line number="56" hits="0"/></lines></class><class name="handlers" filename="src/auth/handlers.rs" line-rate="0" branch-rate="0" complexity="0"><methods/><lines><line number="18" hits="0"/><line number="23" hits="0"/><line number="24" hits="0"/><line number="27" hits="0"/><line number="30" hits="0"/><line number="31" hits="0"/><line number="32" hits="0"/><line number="33" hits="0"/><line number="36" hits="0"/><line number="40" hits="0"/><line number="45" hits="0"/><line number="46" hits="0"/><line number="49" hits="0"/><line number="52" hits="0"/><line number="53" hits="0"/><line number="54" hits="0"/><line number="55" hits="0"/><line number="56" hits="0"/><line number="63" hits="0"/><line number="67" hits="0"/><line number="72" hits="0"/><line number="73" hits="0"/><line number="76" hits="0"/><line number="79" hits="0"/><line number="80" hits="0"/><line number="81" hits="0"/><line number="82" hits="0"/><line number="83" hits="0"/><line number="90" hits="0"/></lines></class><class name="services" filename="src/auth/services.rs" line-rate="0.49122807017543857" branch-rate="0" complexity="0"><methods/><lines><line number="40" hits="1"/><line number="42" hits="1"/><line number="43" hits="1"/><line number="44" hits="1"/><line number="48" hits="1"/><line number="49" hits="1"/><line number="62" hits="0"/><line number="77" hits="0"/><line number="79" hits="0"/><line number="80" hits="0"/><line number="84" hits="0"/><line number="87" hits="0"/><line number="90" hits="0"/><line number="92" hits="0"/><line number="95" hits="0"/><line number="97" hits="0"/><line number="99" hits="0"/><line number="100" hits="0"/><line number="101" hits="0"/><line number="104" hits="0"/><line number="105" hits="0"/><line number="106" hits="0"/><line number="110" hits="0"/><line number="112" hits="0"/><line number="114" hits="0"/><line number="115" hits="0"/><line number="119" hits="0"/><line number="121" hits="0"/><line number="123" hits="0"/><line number="124" hits="0"/><line number="125" hits="0"/><line number="126" hits="0"/><line number="127" hits="0"/><line number="128" hits="0"/><line number="129" hits="0"/><line number="133" hits="0"/><line number="135" hits="0"/><line number="137" hits="0"/><line number="140" hits="0"/><line number="141" hits="0"/><line number="145" hits="0"/><line number="147" hits="0"/><line number="148" hits="0"/><line number="149" hits="0"/><line number="151" hits="0"/><line number="152" hits="0"/><line number="153" hits="0"/><line number="157" hits="0"/><line number="159" hits="0"/><line number="161" hits="0"/><line number="162" hits="0"/><line number="163" hits="0"/><line number="164" hits="0"/><line number="165" hits="0"/><line number="166" hits="0"/><line number="167" hits="0"/><line number="171" hits="0"/><line number="174" hits="0"/><line number="185" hits="1"/><line number="194" hits="1"/><line number="195" hits="1"/><line number="198" hits="1"/><line number="201" hits="1"/><line number="203" hits="1"/><line number="204" hits="1"/><line number="208" hits="1"/><line number="209" hits="1"/><line number="210" hits="2"/><line number="212" hits="1"/><line number="215" hits="1"/><line number="218" hits="1"/><line number="220" hits="1"/><line number="221" hits="1"/><line number="225" hits="1"/><line number="226" hits="1"/><line number="227" hits="2"/><line number="229" hits="1"/><line number="231" hits="1"/><line number="232" hits="1"/><line number="233" hits="1"/><line number="234" hits="1"/><line number="235" hits="1"/><line number="239" hits="1"/><line number="240" hits="1"/><line number="243" hits="2"/><line number="246" hits="1"/><line number="247" hits="0"/><line number="248" hits="0"/><line number="251" hits="1"/><line number="252" hits="2"/><line number="253" hits="0"/><line number="256" hits="1"/><line number="257" hits="2"/><line number="258" hits="1"/><line number="260" hits="1"/><line number="261" hits="1"/><line number="265" hits="1"/><line number="266" hits="1"/><line number="269" hits="2"/><line number="272" hits="1"/><line number="273" hits="0"/><line number="274" hits="0"/><line number="277" hits="1"/><line number="278" hits="2"/><line number="279" hits="0"/><line number="282" hits="1"/><line number="283" hits="2"/><line number="284" hits="1"/><line number="286" hits="1"/><line number="287" hits="1"/><line number="296" hits="1"/><line number="297" hits="1"/><line number="300" hits="1"/><line number="301" hits="1"/></lines></class><class name="user_repo_adapter" filename="src/auth/user_repo_adapter.rs" line-rate="0" branch-rate="0" complexity="0"><methods/><lines><line number="19" hits="0"/><line number="26" hits="0"/><line number="27" hits="0"/><line number="28" hits="0"/><line number="29" hits="0"/><line number="30" hits="0"/><line number="33" hits="0"/><line number="34" hits="0"/><line number="37" hits="0"/><line number="40" hits="0"/><line number="41" hits="0"/><line number="42" hits="0"/><line number="45" hits="0"/><line number="46" hits="0"/><line number="49" hits="0"/><line number="51" hits="0"/><line number="52" hits="0"/><line number="53" hits="0"/><line number="58" hits="0"/><line number="59" hits="0"/><line number="60" hits="0"/><line number="61" hits="0"/><line number="62" hits="0"/></lines></class></classes></package><package name="src/services/workbench" line-rate="0" branch-rate="0" complexity="0"><classes><class name="error" filename="src/services/workbench/error.rs" line-rate="0" branch-rate="0" complexity="0"><methods/><lines><line number="22" hits="0"/><line number="23" hits="0"/></lines></class><class name="service" filename="src/services/workbench/service.rs" line-rate="0" branch-rate="0" complexity="0"><methods/><lines><line number="50" hits="0"/><line number="55" hits="0"/><line number="60" hits="0"/><line number="62" hits="0"/><line number="63" hits="0"/><line number="64" hits="0"/><line number="66" hits="0"/><line number="67" hits="0"/><line number="68" hits="0"/><line number="69" hits="0"/><line number="76" hits="0"/><line number="82" hits="0"/><line number="83" hits="0"/><line number="84" hits="0"/><line number="87" hits="0"/><line number="88" hits="0"/><line number="89" hits="0"/><line number="92" hits="0"/><line number="93" hits="0"/><line number="94" hits="0"/><line number="95" hits="0"/><line number="100" hits="0"/><line number="102" hits="0"/><line number="103" hits="0"/><line number="104" hits="0"/><line number="105" hits="0"/><line number="107" hits="0"/><line number="110" hits="0"/><line number="116" hits="0"/><line number="118" hits="0"/><line number="120" hits="0"/><line number="121" hits="0"/><line number="122" hits="0"/><line number="124" hits="0"/><line number="125" hits="0"/><line number="126" hits="0"/><line number="130" hits="0"/><line number="137" hits="0"/><line number="138" hits="0"/><line number="139" hits="0"/><line number="142" hits="0"/><line number="143" hits="0"/><line number="144" hits="0"/><line number="148" hits="0"/><line number="150" hits="0"/><line number="151" hits="0"/><line number="152" hits="0"/><line number="154" hits="0"/><line number="156" hits="0"/><line number="157" hits="0"/><line number="158" hits="0"/><line number="159" hits="0"/><line number="165" hits="0"/><line number="172" hits="0"/><line number="175" hits="0"/><line number="176" hits="0"/><line number="177" hits="0"/><line number="178" hits="0"/><line number="181" hits="0"/><line number="182" hits="0"/><line number="183" hits="0"/><line number="187" hits="0"/><line number="188" hits="0"/><line number="189" hits="0"/><line number="190" hits="0"/><line number="195" hits="0"/><line number="197" hits="0"/><line number="198" hits="0"/><line number="199" hits="0"/><line number="201" hits="0"/><line number="204" hits="0"/><line number="210" hits="0"/><line number="212" hits="0"/><line number="213" hits="0"/><line number="214" hits="0"/><line number="215" hits="0"/><line number="217" hits="0"/></lines></class><class name="types" filename="src/services/workbench/types.rs" line-rate="0" branch-rate="0" complexity="0"><methods/><lines><line number="35" hits="0"/><line number="37" hits="0"/><line number="38" hits="0"/><line number="39" hits="0"/><line number="40" hits="0"/><line number="41" hits="0"/><line number="42" hits="0"/><line number="43" hits="0"/><line number="44" hits="0"/></lines></class></classes></package><package name="src/drivers" line-rate="0.24705882352941178" branch-rate="0" complexity="0"><classes><class name="core" filename="src/drivers/core.rs" line-rate="0.25" branch-rate="0" complexity="0"><methods/><lines><line number="24" hits="0"/><line number="25" hits="0"/><line number="26" hits="0"/><line number="27" hits="0"/><line number="28" hits="0"/><line number="29" hits="0"/><line number="34" hits="1"/><line number="35" hits="1"/><line number="36" hits="1"/><line number="37" hits="0"/><line number="38" hits="0"/><line number="39" hits="0"/></lines></class><class name="error" filename="src/drivers/error.rs" line-rate="0.17647058823529413" branch-rate="0" complexity="0"><methods/><lines><line number="25" hits="1"/><line number="26" hits="1"/><line number="27" hits="1"/><line number="28" hits="0"/><line number="29" hits="0"/><line number="30" hits="0"/><line number="32" hits="0"/><line number="33" hits="0"/><line number="34" hits="0"/><line number="35" hits="0"/><line number="43" hits="0"/><line number="44" hits="0"/><line number="56" hits="0"/><line number="58" hits="0"/><line number="59" hits="0"/><line number="68" hits="0"/><line number="69" hits="0"/></lines></class><class name="manager" filename="src/drivers/manager.rs" line-rate="0.21739130434782608" branch-rate="0" complexity="0"><methods/><lines><line number="39" hits="6"/><line number="41" hits="5"/><line number="50" hits="2"/><line number="57" hits="6"/><line number="58" hits="5"/><line number="59" hits="0"/><line number="60" hits="0"/><line number="61" hits="0"/><line number="65" hits="4"/><line number="66" hits="4"/><line number="70" hits="0"/><line number="71" hits="0"/><line number="72" hits="0"/><line number="73" hits="0"/><line number="75" hits="0"/><line number="90" hits="1"/><line number="94" hits="1"/><line number="95" hits="2"/><line number="102" hits="0"/><line number="104" hits="0"/><line number="105" hits="0"/><line number="107" hits="0"/><line number="111" hits="0"/><line number="112" hits="0"/><line number="115" hits="0"/><line number="117" hits="0"/><line number="118" hits="0"/><line number="119" hits="0"/><line number="120" hits="0"/><line number="125" hits="0"/><line number="132" hits="0"/><line number="134" hits="0"/><line number="135" hits="0"/><line number="137" hits="0"/><line number="141" hits="0"/><line number="142" hits="0"/><line number="145" hits="0"/><line number="147" hits="0"/><line number="148" hits="0"/><line number="149" hits="0"/><line number="150" hits="0"/><line number="155" hits="0"/><line number="159" hits="0"/><line number="160" hits="0"/><line number="165" hits="0"/><line number="166" hits="0"/></lines></class><class name="virtual" filename="src/drivers/virtual.rs" line-rate="0.2736842105263158" branch-rate="0" complexity="0"><methods/><lines><line number="34" hits="1"/><line number="41" hits="5"/><line number="49" hits="0"/><line number="50" hits="0"/><line number="51" hits="0"/><line number="52" hits="0"/><line number="53" hits="0"/><line number="56" hits="0"/><line number="60" hits="0"/><line number="61" hits="0"/><line number="85" hits="0"/><line number="86" hits="0"/><line number="92" hits="5"/><line number="94" hits="5"/><line number="96" hits="2"/><line number="97" hits="6"/><line number="98" hits="6"/><line number="103" hits="0"/><line number="104" hits="0"/><line number="105" hits="0"/><line number="106" hits="0"/><line number="108" hits="0"/><line number="109" hits="0"/><line number="110" hits="0"/><line number="115" hits="0"/><line number="120" hits="1"/><line number="121" hits="1"/><line number="122" hits="1"/><line number="123" hits="0"/><line number="124" hits="0"/><line number="125" hits="0"/><line number="130" hits="1"/><line number="131" hits="1"/><line number="132" hits="1"/><line number="134" hits="2"/><line number="135" hits="1"/><line number="138" hits="0"/><line number="139" hits="0"/><line number="140" hits="0"/><line number="141" hits="0"/><line number="145" hits="0"/><line number="147" hits="0"/><line number="148" hits="0"/><line number="149" hits="0"/><line number="152" hits="0"/><line number="155" hits="0"/><line number="156" hits="0"/><line number="162" hits="0"/><line number="163" hits="0"/><line number="164" hits="0"/><line number="165" hits="0"/><line number="166" hits="0"/><line number="167" hits="0"/><line number="168" hits="0"/><line number="169" hits="0"/><line number="173" hits="0"/><line number="174" hits="0"/><line number="175" hits="0"/><line number="176" hits="0"/><line number="177" hits="0"/><line number="178" hits="0"/><line number="179" hits="0"/><line number="188" hits="6"/><line number="189" hits="1"/><line number="191" hits="0"/><line number="193" hits="1"/><line number="194" hits="2"/><line number="195" hits="1"/><line number="198" hits="0"/><line number="199" hits="0"/><line number="200" hits="0"/><line number="203" hits="2"/><line number="204" hits="2"/><line number="205" hits="1"/><line number="209" hits="1"/><line number="210" hits="2"/><line number="211" hits="0"/><line number="214" hits="2"/><line number="217" hits="0"/><line number="218" hits="0"/><line number="219" hits="0"/><line number="222" hits="0"/><line number="223" hits="0"/><line number="227" hits="0"/><line number="229" hits="0"/><line number="230" hits="0"/><line number="231" hits="0"/><line number="232" hits="0"/><line number="238" hits="0"/><line number="239" hits="0"/><line number="247" hits="0"/><line number="248" hits="0"/><line number="249" hits="0"/><line number="252" hits="0"/><line number="253" hits="0"/></lines></class></classes></package><package name="src/engine/steps" line-rate="0.7962962962962963" branch-rate="0" complexity="0"><classes><class name="control" filename="src/engine/steps/control.rs" line-rate="0.7692307692307693" branch-rate="0" complexity="0"><methods/><lines><line number="16" hits="0"/><line number="20" hits="5"/><line number="26" hits="2"/><line number="28" hits="1"/><line number="29" hits="1"/><line number="32" hits="5"/><line number="33" hits="1"/><line number="36" hits="1"/><line number="38" hits="1"/><line number="39" hits="1"/><line number="40" hits="1"/><line number="43" hits="0"/><line number="44" hits="0"/></lines></class><class name="delay" filename="src/engine/steps/delay.rs" line-rate="0.7" branch-rate="0" complexity="0"><methods/><lines><line number="15" hits="0"/><line number="19" hits="5"/><line number="25" hits="2"/><line number="27" hits="2"/><line number="28" hits="3"/><line number="30" hits="1"/><line number="31" hits="1"/><line number="32" hits="2"/><line number="35" hits="0"/><line number="36" hits="0"/></lines></class><class name="end" filename="src/engine/steps/end.rs" line-rate="0.8571428571428571" branch-rate="0" complexity="0"><methods/><lines><line number="17" hits="0"/><line number="21" hits="5"/><line number="27" hits="2"/><line number="29" hits="1"/><line number="31" hits="1"/><line number="32" hits="1"/><line number="33" hits="1"/></lines></class><class name="read" filename="src/engine/steps/read.rs" line-rate="0.8" branch-rate="0" complexity="0"><methods/><lines><line number="16" hits="0"/><line number="20" hits="5"/><line number="26" hits="2"/><line number="28" hits="1"/><line number="29" hits="1"/><line number="30" hits="1"/><line number="34" hits="5"/><line number="35" hits="1"/><line number="38" hits="2"/><line number="39" hits="2"/><line number="41" hits="1"/><line number="42" hits="2"/><line number="43" hits="1"/><line number="46" hits="0"/><line number="47" hits="0"/></lines></class><class name="start" filename="src/engine/steps/start.rs" line-rate="0.8888888888888888" branch-rate="0" complexity="0"><methods/><lines><line number="19" hits="0"/><line number="23" hits="11"/><line number="29" hits="2"/><line number="32" hits="2"/><line number="33" hits="1"/><line number="35" hits="2"/><line number="37" hits="2"/><line number="38" hits="4"/><line number="39" hits="2"/></lines></class></classes></package><package name="src/models" line-rate="0.463768115942029" branch-rate="0" complexity="0"><classes></classes></package><package name="src/engine" line-rate="0.6459854014598541" branch-rate="0" complexity="0"><classes><class name="adapter" filename="src/engine/adapter.rs" line-rate="0.5555555555555556" branch-rate="0" complexity="0"><methods/><lines><line number="28" hits="2"/><line number="34" hits="2"/><line number="35" hits="2"/><line number="36" hits="1"/><line number="37" hits="3"/><line number="40" hits="0"/><line number="41" hits="0"/><line number="42" hits="0"/><line number="43" hits="0"/></lines></class><class name="listener" filename="src/engine/listener.rs" line-rate="0.75" branch-rate="0" complexity="0"><methods/><lines><line number="18" hits="1"/><line number="23" hits="1"/><line number="28" hits="0"/><line number="33" hits="1"/></lines></class><class name="step_engine" filename="src/engine/step_engine.rs" line-rate="0.9649122807017544" branch-rate="0" complexity="0"><methods/><lines><line number="35" hits="2"/><line number="57" hits="2"/><line number="62" hits="3"/><line number="63" hits="5"/><line number="66" hits="1"/><line number="67" hits="1"/><line number="68" hits="1"/><line number="72" hits="9"/><line number="74" hits="3"/><line number="75" hits="2"/><line number="77" hits="7"/><line number="79" hits="2"/><line number="80" hits="2"/><line number="83" hits="1"/><line number="89" hits="1"/><line number="90" hits="0"/><line number="94" hits="3"/><line number="97" hits="5"/><line number="100" hits="1"/><line number="102" hits="2"/><line number="103" hits="1"/><line number="105" hits="3"/><line number="106" hits="2"/><line number="108" hits="5"/><line number="109" hits="4"/><line number="110" hits="3"/><line number="111" hits="4"/><line number="112" hits="3"/><line number="115" hits="1"/><line number="118" hits="1"/><line number="120" hits="2"/><line number="121" hits="2"/><line number="123" hits="2"/><line number="124" hits="2"/><line number="125" hits="1"/><line number="126" hits="2"/><line number="127" hits="1"/><line number="130" hits="2"/><line number="132" hits="1"/><line number="134" hits="1"/><line number="136" hits="1"/><line number="137" hits="2"/><line number="140" hits="1"/><line number="141" hits="1"/><line number="142" hits="1"/><line number="149" hits="2"/><line number="151" hits="2"/><line number="153" hits="2"/><line number="154" hits="2"/><line number="157" hits="1"/><line number="161" hits="2"/><line number="167" hits="1"/><line number="168" hits="3"/><line number="169" hits="4"/><line number="171" hits="0"/><line number="173" hits="3"/><line number="174" hits="4"/></lines></class><class name="types" filename="src/engine/types.rs" line-rate="0.43956043956043955" branch-rate="0" complexity="0"><methods/><lines><line number="34" hits="0"/><line number="35" hits="0"/><line number="36" hits="0"/><line number="37" hits="0"/><line number="38" hits="0"/><line number="39" hits="0"/><line number="40" hits="0"/><line number="89" hits="1"/><line number="90" hits="6"/><line number="91" hits="1"/><line number="92" hits="1"/><line number="93" hits="0"/><line number="94" hits="1"/><line number="95" hits="2"/><line number="100" hits="1"/><line number="101" hits="6"/><line number="102" hits="1"/><line number="103" hits="1"/><line number="104" hits="0"/><line number="105" hits="1"/><line number="106" hits="2"/><line number="111" hits="1"/><line number="112" hits="3"/><line number="113" hits="1"/><line number="114" hits="1"/><line number="115" hits="0"/><line number="116" hits="1"/><line number="117" hits="2"/><line number="147" hits="0"/><line number="148" hits="0"/><line number="152" hits="0"/><line number="153" hits="0"/><line number="154" hits="0"/><line number="155" hits="0"/><line number="156" hits="0"/><line number="161" hits="0"/><line number="162" hits="0"/><line number="163" hits="0"/><line number="164" hits="0"/><line number="170" hits="0"/><line number="171" hits="0"/><line number="172" hits="0"/><line number="173" hits="0"/><line number="178" hits="0"/><line number="182" hits="0"/><line number="183" hits="0"/><line number="185" hits="0"/><line number="266" hits="1"/><line number="268" hits="2"/><line number="271" hits="1"/><line number="277" hits="1"/><line number="287" hits="4"/><line number="288" hits="4"/><line number="289" hits="3"/><line number="291" hits="4"/><line number="296" hits="4"/><line number="301" hits="1"/><line number="302" hits="1"/><line number="306" hits="1"/><line number="307" hits="1"/><line number="312" hits="0"/><line number="313" hits="0"/><line number="348" hits="1"/><line number="349" hits="1"/><line number="350" hits="1"/><line number="351" hits="0"/><line number="352" hits="0"/><line number="353" hits="0"/><line number="361" hits="0"/><line number="362" hits="0"/><line number="386" hits="0"/><line number="387" hits="0"/><line number="388" hits="0"/><line number="389" hits="0"/><line number="390" hits="0"/><line number="391" hits="0"/><line number="397" hits="0"/><line number="398" hits="0"/><line number="399" hits="0"/><line number="430" hits="1"/><line number="431" hits="1"/><line number="434" hits="4"/><line number="438" hits="2"/><line number="441" hits="2"/><line number="442" hits="2"/><line number="478" hits="0"/><line number="479" hits="0"/><line number="480" hits="0"/><line number="481" hits="0"/><line number="483" hits="0"/><line number="484" hits="0"/></lines></class></classes></package><package name="src/test_utils" line-rate="0" branch-rate="0" complexity="0"><classes><class name="fixtures" filename="src/test_utils/fixtures.rs" line-rate="0" branch-rate="0" complexity="0"><methods/><lines><line number="14" hits="0"/><line number="16" hits="0"/><line number="17" hits="0"/><line number="18" hits="0"/><line number="19" hits="0"/><line number="21" hits="0"/><line number="22" hits="0"/><line number="23" hits="0"/><line number="28" hits="0"/><line number="29" hits="0"/><line number="30" hits="0"/><line number="31" hits="0"/><line number="35" hits="0"/><line number="37" hits="0"/><line number="38" hits="0"/><line number="39" hits="0"/><line number="49" hits="0"/><line number="51" hits="0"/><line number="52" hits="0"/><line number="53" hits="0"/><line number="55" hits="0"/><line number="57" hits="0"/><line number="58" hits="0"/><line number="63" hits="0"/><line number="64" hits="0"/><line number="65" hits="0"/><line number="66" hits="0"/><line number="70" hits="0"/><line number="72" hits="0"/><line number="73" hits="0"/><line number="85" hits="0"/><line number="87" hits="0"/><line number="90" hits="0"/><line number="93" hits="0"/><line number="94" hits="0"/><line number="95" hits="0"/><line number="97" hits="0"/><line number="98" hits="0"/><line number="103" hits="0"/><line number="104" hits="0"/><line number="105" hits="0"/><line number="106" hits="0"/><line number="107" hits="0"/><line number="116" hits="0"/><line number="118" hits="0"/><line number="120" hits="0"/><line number="123" hits="0"/><line number="126" hits="0"/><line number="129" hits="0"/><line number="130" hits="0"/><line number="135" hits="0"/><line number="136" hits="0"/><line number="137" hits="0"/><line number="138" hits="0"/><line number="139" hits="0"/><line number="143" hits="0"/><line number="144" hits="0"/><line number="145" hits="0"/><line number="146" hits="0"/><line number="147" hits="0"/><line number="148" hits="0"/></lines></class><class name="mocks" filename="src/test_utils/mocks.rs" line-rate="0" branch-rate="0" complexity="0"><methods/><lines><line number="16" hits="0"/><line number="18" hits="0"/><line number="22" hits="0"/><line number="23" hits="0"/><line number="26" hits="0"/><line number="27" hits="0"/><line number="30" hits="0"/><line number="31" hits="0"/><line number="35" hits="0"/><line number="41" hits="0"/><line number="42" hits="0"/><line number="52" hits="0"/><line number="56" hits="0"/><line number="58" hits="0"/><line number="62" hits="0"/><line number="63" hits="0"/><line number="68" hits="0"/><line number="69" hits="0"/><line number="80" hits="0"/><line number="83" hits="0"/><line number="87" hits="0"/><line number="89" hits="0"/><line number="90" hits="0"/><line number="94" hits="0"/><line number="97" hits="0"/><line number="101" hits="0"/><line number="102" hits="0"/><line number="103" hits="0"/><line number="106" hits="0"/><line number="107" hits="0"/><line number="108" hits="0"/><line number="110" hits="0"/><line number="116" hits="0"/><line number="117" hits="0"/></lines></class><class name="mod" filename="src/test_utils/mod.rs" line-rate="0" branch-rate="0" complexity="0"><methods/><lines><line number="25" hits="0"/><line number="26" hits="0"/><line number="27" hits="0"/><line number="29" hits="0"/><line number="30" hits="0"/><line number="34" hits="0"/><line number="35" hits="0"/><line number="36" hits="0"/><line number="46" hits="0"/><line number="47" hits="0"/><line number="52" hits="0"/><line number="67" hits="0"/><line number="77" hits="0"/><line number="78" hits="0"/><line number="80" hits="0"/><line number="82" hits="0"/></lines></class></classes></package><package name="src/api/handlers" line-rate="0.011682242990654205" branch-rate="0" complexity="0"><classes><class name="common" filename="src/api/handlers/common.rs" line-rate="0" branch-rate="0" complexity="0"><methods/><lines><line number="22" hits="0"/><line number="25" hits="0"/><line number="27" hits="0"/><line number="32" hits="0"/><line number="33" hits="0"/><line number="43" hits="0"/><line number="44" hits="0"/><line number="45" hits="0"/><line number="50" hits="0"/><line number="52" hits="0"/><line number="53" hits="0"/><line number="54" hits="0"/></lines></class><class name="device" filename="src/api/handlers/device.rs" line-rate="0" branch-rate="0" complexity="0"><methods/><lines><line number="21" hits="0"/><line number="27" hits="0"/><line number="28" hits="0"/><line number="30" hits="0"/><line number="31" hits="0"/><line number="32" hits="0"/><line number="33" hits="0"/><line number="34" hits="0"/><line number="35" hits="0"/><line number="36" hits="0"/><line number="39" hits="0"/><line number="43" hits="0"/><line number="51" hits="0"/><line number="52" hits="0"/><line number="53" hits="0"/><line number="54" hits="0"/><line number="55" hits="0"/><line number="56" hits="0"/><line number="57" hits="0"/><line number="60" hits="0"/><line number="61" hits="0"/><line number="62" hits="0"/><line number="63" hits="0"/><line number="64" hits="0"/><line number="65" hits="0"/><line number="66" hits="0"/><line number="68" hits="0"/><line number="70" hits="0"/><line number="73" hits="0"/><line number="77" hits="0"/><line number="82" hits="0"/><line number="83" hits="0"/><line number="84" hits="0"/><line number="85" hits="0"/><line number="86" hits="0"/><line number="87" hits="0"/><line number="88" hits="0"/><line number="91" hits="0"/><line number="95" hits="0"/><line number="102" hits="0"/><line number="103" hits="0"/><line number="104" hits="0"/><line number="105" hits="0"/><line number="106" hits="0"/><line number="107" hits="0"/><line number="110" hits="0"/><line number="111" hits="0"/><line number="112" hits="0"/><line number="113" hits="0"/><line number="114" hits="0"/><line number="115" hits="0"/><line number="116" hits="0"/><line number="117" hits="0"/><line number="120" hits="0"/><line number="124" hits="0"/><line number="129" hits="0"/><line number="130" hits="0"/><line number="131" hits="0"/><line number="132" hits="0"/><line number="133" hits="0"/><line number="134" hits="0"/><line number="135" hits="0"/><line number="138" hits="0"/></lines></class><class name="experiment" filename="src/api/handlers/experiment.rs" line-rate="0" branch-rate="0" complexity="0"><methods/><lines><line number="26" hits="0"/><line number="34" hits="0"/><line number="35" hits="0"/><line number="38" hits="0"/><line number="39" hits="0"/><line number="41" hits="0"/><line number="42" hits="0"/><line number="45" hits="0"/><line number="46" hits="0"/><line number="47" hits="0"/><line number="48" hits="0"/><line number="49" hits="0"/><line number="50" hits="0"/><line number="53" hits="0"/><line number="57" hits="0"/><line number="62" hits="0"/><line number="63" hits="0"/><line number="64" hits="0"/><line number="65" hits="0"/><line number="66" hits="0"/><line number="67" hits="0"/><line number="68" hits="0"/><line number="71" hits="0"/><line number="75" hits="0"/><line number="82" hits="0"/><line number="83" hits="0"/><line number="84" hits="0"/><line number="85" hits="0"/><line number="90" hits="0"/><line number="92" hits="0"/><line number="93" hits="0"/><line number="95" hits="0"/><line number="97" hits="0"/><line number="98" hits="0"/><line number="99" hits="0"/><line number="100" hits="0"/><line number="101" hits="0"/><line number="102" hits="0"/><line number="103" hits="0"/><line number="107" hits="0"/><line number="110" hits="0"/><line number="114" hits="0"/><line number="120" hits="0"/><line number="121" hits="0"/><line number="122" hits="0"/><line number="124" hits="0"/><line number="127" hits="0"/><line number="130" hits="0"/><line number="133" hits="0"/><line number="136" hits="0"/><line number="138" hits="0"/></lines></class><class name="experiment_control" filename="src/api/handlers/experiment_control.rs" line-rate="0" branch-rate="0" complexity="0"><methods/><lines><line number="44" hits="0"/><line number="50" hits="0"/><line number="51" hits="0"/><line number="52" hits="0"/><line number="53" hits="0"/><line number="55" hits="0"/><line number="63" hits="0"/><line number="68" hits="0"/><line number="69" hits="0"/><line number="70" hits="0"/><line number="71" hits="0"/><line number="73" hits="0"/><line number="81" hits="0"/><line number="86" hits="0"/><line number="87" hits="0"/><line number="88" hits="0"/><line number="89" hits="0"/><line number="91" hits="0"/><line number="99" hits="0"/><line number="104" hits="0"/><line number="105" hits="0"/><line number="106" hits="0"/><line number="107" hits="0"/><line number="109" hits="0"/><line number="117" hits="0"/><line number="122" hits="0"/><line number="123" hits="0"/><line number="124" hits="0"/><line number="125" hits="0"/><line number="127" hits="0"/><line number="135" hits="0"/><line number="140" hits="0"/><line number="141" hits="0"/><line number="142" hits="0"/><line number="143" hits="0"/><line number="145" hits="0"/><line number="153" hits="0"/><line number="158" hits="0"/><line number="159" hits="0"/><line number="160" hits="0"/><line number="161" hits="0"/><line number="163" hits="0"/><line number="167" hits="0"/><line number="168" hits="0"/><line number="169" hits="0"/><line number="170" hits="0"/><line number="172" hits="0"/><line number="173" hits="0"/><line number="175" hits="0"/><line number="176" hits="0"/><line number="177" hits="0"/><line number="179" hits="0"/><line number="181" hits="0"/></lines></class><class name="experiment_ws" filename="src/api/handlers/experiment_ws.rs" line-rate="0" branch-rate="0" complexity="0"><methods/><lines><line number="27" hits="0"/><line number="29" hits="0"/><line number="33" hits="0"/><line number="39" hits="0"/><line number="40" hits="0"/><line number="53" hits="0"/><line number="59" hits="0"/><line number="65" hits="0"/><line number="69" hits="0"/><line number="70" hits="0"/><line number="73" hits="0"/><line number="74" hits="0"/><line number="76" hits="0"/><line number="81" hits="0"/><line number="88" hits="0"/><line number="89" hits="0"/><line number="94" hits="0"/><line number="95" hits="0"/><line number="96" hits="0"/><line number="98" hits="0"/><line number="100" hits="0"/><line number="101" hits="0"/><line number="102" hits="0"/><line number="105" hits="0"/><line number="110" hits="0"/><line number="180" hits="0"/><line number="181" hits="0"/><line number="184" hits="0"/></lines></class><class name="health" filename="src/api/handlers/health.rs" line-rate="0" branch-rate="0" complexity="0"><methods/><lines><line number="27" hits="0"/><line number="31" hits="0"/><line number="34" hits="0"/><line number="38" hits="0"/><line number="40" hits="0"/><line number="41" hits="0"/><line number="42" hits="0"/></lines></class><class name="method" filename="src/api/handlers/method.rs" line-rate="0.08333333333333333" branch-rate="0" complexity="0"><methods/><lines><line number="33" hits="0"/><line number="40" hits="0"/><line number="45" hits="0"/><line number="48" hits="0"/><line number="49" hits="0"/><line number="52" hits="0"/><line number="58" hits="0"/><line number="61" hits="0"/><line number="62" hits="0"/><line number="65" hits="0"/><line number="71" hits="0"/><line number="74" hits="0"/><line number="78" hits="0"/><line number="80" hits="0"/><line number="110" hits="0"/><line number="115" hits="0"/><line number="116" hits="0"/><line number="117" hits="0"/><line number="118" hits="0"/><line number="121" hits="0"/><line number="127" hits="0"/><line number="133" hits="0"/><line number="134" hits="0"/><line number="136" hits="0"/><line number="137" hits="0"/><line number="138" hits="0"/><line number="139" hits="0"/><line number="141" hits="0"/><line number="147" hits="0"/><line number="152" hits="0"/><line number="153" hits="0"/><line number="154" hits="0"/><line number="155" hits="0"/><line number="157" hits="0"/><line number="163" hits="0"/><line number="169" hits="0"/><line number="170" hits="0"/><line number="171" hits="0"/><line number="172" hits="0"/><line number="174" hits="0"/><line number="180" hits="0"/><line number="185" hits="0"/><line number="186" hits="0"/><line number="187" hits="0"/><line number="188" hits="0"/><line number="190" hits="0"/><line number="196" hits="0"/><line number="201" hits="0"/><line number="202" hits="0"/><line number="203" hits="0"/><line number="204" hits="0"/><line number="206" hits="0"/><line number="210" hits="3"/><line number="211" hits="3"/><line number="212" hits="1"/><line number="213" hits="1"/><line number="214" hits="1"/><line number="215" hits="0"/><line number="216" hits="0"/><line number="217" hits="0"/></lines></class><class name="point" filename="src/api/handlers/point.rs" line-rate="0" branch-rate="0" complexity="0"><methods/><lines><line number="25" hits="0"/><line number="33" hits="0"/><line number="34" hits="0"/><line number="35" hits="0"/><line number="36" hits="0"/><line number="38" hits="0"/><line number="39" hits="0"/><line number="40" hits="0"/><line number="43" hits="0"/><line number="44" hits="0"/><line number="45" hits="0"/><line number="46" hits="0"/><line number="47" hits="0"/><line number="48" hits="0"/><line number="49" hits="0"/><line number="50" hits="0"/><line number="53" hits="0"/><line number="57" hits="0"/><line number="63" hits="0"/><line number="64" hits="0"/><line number="66" hits="0"/><line number="67" hits="0"/><line number="68" hits="0"/><line number="69" hits="0"/><line number="70" hits="0"/><line number="71" hits="0"/><line number="72" hits="0"/><line number="75" hits="0"/><line number="79" hits="0"/><line number="84" hits="0"/><line number="85" hits="0"/><line number="86" hits="0"/><line number="87" hits="0"/><line number="88" hits="0"/><line number="89" hits="0"/><line number="90" hits="0"/><line number="93" hits="0"/><line number="97" hits="0"/><line number="104" hits="0"/><line number="105" hits="0"/><line number="107" hits="0"/><line number="108" hits="0"/><line number="109" hits="0"/><line number="110" hits="0"/><line number="113" hits="0"/><line number="114" hits="0"/><line number="115" hits="0"/><line number="116" hits="0"/><line number="117" hits="0"/><line number="118" hits="0"/><line number="119" hits="0"/><line number="120" hits="0"/><line number="123" hits="0"/><line number="127" hits="0"/><line number="132" hits="0"/><line number="133" hits="0"/><line number="134" hits="0"/><line number="135" hits="0"/><line number="136" hits="0"/><line number="137" hits="0"/><line number="138" hits="0"/><line number="141" hits="0"/><line number="145" hits="0"/><line number="150" hits="0"/><line number="151" hits="0"/><line number="152" hits="0"/><line number="153" hits="0"/><line number="154" hits="0"/><line number="155" hits="0"/><line number="157" hits="0"/><line number="159" hits="0"/><line number="162" hits="0"/><line number="166" hits="0"/><line number="173" hits="0"/><line number="175" hits="0"/><line number="176" hits="0"/><line number="177" hits="0"/><line number="178" hits="0"/><line number="179" hits="0"/><line number="180" hits="0"/><line number="181" hits="0"/><line number="183" hits="0"/><line number="185" hits="0"/><line number="186" hits="0"/><line number="189" hits="0"/></lines></class><class name="user" filename="src/api/handlers/user.rs" line-rate="0" branch-rate="0" complexity="0"><methods/><lines><line number="15" hits="0"/><line number="19" hits="0"/><line number="20" hits="0"/><line number="24" hits="0"/><line number="30" hits="0"/><line number="32" hits="0"/><line number="34" hits="0"/><line number="35" hits="0"/><line number="36" hits="0"/><line number="42" hits="0"/><line number="48" hits="0"/><line number="50" hits="0"/><line number="52" hits="0"/><line number="53" hits="0"/><line number="54" hits="0"/><line number="55" hits="0"/></lines></class><class name="workbench" filename="src/api/handlers/workbench.rs" line-rate="0" branch-rate="0" complexity="0"><methods/><lines><line number="22" hits="0"/><line number="28" hits="0"/><line number="29" hits="0"/><line number="30" hits="0"/><line number="31" hits="0"/><line number="34" hits="0"/><line number="35" hits="0"/><line number="36" hits="0"/><line number="37" hits="0"/><line number="38" hits="0"/><line number="39" hits="0"/><line number="42" hits="0"/><line number="46" hits="0"/><line number="51" hits="0"/><line number="52" hits="0"/><line number="54" hits="0"/><line number="55" hits="0"/><line number="56" hits="0"/><line number="57" hits="0"/><line number="58" hits="0"/><line number="59" hits="0"/><line number="62" hits="0"/><line number="66" hits="0"/><line number="71" hits="0"/><line number="72" hits="0"/><line number="73" hits="0"/><line number="74" hits="0"/><line number="75" hits="0"/><line number="77" hits="0"/><line number="79" hits="0"/><line number="82" hits="0"/><line number="86" hits="0"/><line number="93" hits="0"/><line number="94" hits="0"/><line number="95" hits="0"/><line number="98" hits="0"/><line number="99" hits="0"/><line number="100" hits="0"/><line number="101" hits="0"/><line number="102" hits="0"/><line number="104" hits="0"/><line number="106" hits="0"/><line number="107" hits="0"/><line number="110" hits="0"/><line number="114" hits="0"/><line number="119" hits="0"/><line number="120" hits="0"/><line number="121" hits="0"/><line number="122" hits="0"/><line number="123" hits="0"/><line number="125" hits="0"/><line number="127" hits="0"/><line number="130" hits="0"/></lines></class></classes></package><package name="src/api" line-rate="0.007621951219512195" branch-rate="0" complexity="0"><classes><class name="routes" filename="src/api/routes.rs" line-rate="0" branch-rate="0" complexity="0"><methods/><lines><line number="45" hits="0"/><line number="46" hits="0"/><line number="50" hits="0"/><line number="52" hits="0"/><line number="53" hits="0"/><line number="55" hits="0"/><line number="56" hits="0"/><line number="57" hits="0"/><line number="58" hits="0"/><line number="59" hits="0"/><line number="62" hits="0"/><line number="65" hits="0"/><line number="66" hits="0"/><line number="68" hits="0"/><line number="69" hits="0"/><line number="70" hits="0"/><line number="71" hits="0"/><line number="75" hits="0"/><line number="76" hits="0"/><line number="77" hits="0"/><line number="81" hits="0"/><line number="82" hits="0"/><line number="83" hits="0"/><line number="84" hits="0"/><line number="88" hits="0"/><line number="91" hits="0"/><line number="93" hits="0"/><line number="97" hits="0"/><line number="98" hits="0"/><line number="99" hits="0"/><line number="100" hits="0"/><line number="101" hits="0"/><line number="105" hits="0"/><line number="106" hits="0"/><line number="107" hits="0"/><line number="108" hits="0"/><line number="109" hits="0"/><line number="113" hits="0"/><line number="117" hits="0"/><line number="118" hits="0"/><line number="119" hits="0"/><line number="120" hits="0"/><line number="127" hits="0"/><line number="128" hits="0"/><line number="129" hits="0"/><line number="130" hits="0"/><line number="134" hits="0"/><line number="137" hits="0"/><line number="138" hits="0"/><line number="139" hits="0"/><line number="142" hits="0"/><line number="144" hits="0"/><line number="146" hits="0"/><line number="148" hits="0"/><line number="149" hits="0"/><line number="150" hits="0"/><line number="151" hits="0"/><line number="152" hits="0"/><line number="153" hits="0"/><line number="154" hits="0"/><line number="156" hits="0"/><line number="160" hits="0"/><line number="164" hits="0"/><line number="166" hits="0"/><line number="167" hits="0"/><line number="168" hits="0"/><line number="169" hits="0"/><line number="170" hits="0"/><line number="175" hits="0"/><line number="176" hits="0"/><line number="178" hits="0"/><line number="179" hits="0"/><line number="180" hits="0"/><line number="181" hits="0"/><line number="182" hits="0"/><line number="187" hits="0"/><line number="188" hits="0"/><line number="190" hits="0"/><line number="191" hits="0"/><line number="192" hits="0"/><line number="193" hits="0"/><line number="194" hits="0"/><line number="195" hits="0"/><line number="196" hits="0"/><line number="201" hits="0"/><line number="202" hits="0"/><line number="204" hits="0"/><line number="206" hits="0"/><line number="207" hits="0"/><line number="208" hits="0"/><line number="210" hits="0"/><line number="212" hits="0"/><line number="215" hits="0"/><line number="216" hits="0"/><line number="217" hits="0"/><line number="218" hits="0"/><line number="223" hits="0"/><line number="224" hits="0"/><line number="226" hits="0"/><line number="228" hits="0"/><line number="229" hits="0"/><line number="231" hits="0"/><line number="232" hits="0"/><line number="233" hits="0"/><line number="235" hits="0"/><line number="236" hits="0"/><line number="237" hits="0"/><line number="252" hits="0"/><line number="253" hits="0"/><line number="255" hits="0"/><line number="256" hits="0"/><line number="257" hits="0"/><line number="258" hits="0"/><line number="259" hits="0"/><line number="260" hits="0"/><line number="261" hits="0"/><line number="262" hits="0"/><line number="267" hits="0"/><line number="276" hits="0"/><line number="278" hits="0"/><line number="279" hits="0"/><line number="280" hits="0"/><line number="281" hits="0"/><line number="282" hits="0"/><line number="283" hits="0"/><line number="284" hits="0"/><line number="285" hits="0"/><line number="286" hits="0"/><line number="291" hits="0"/><line number="292" hits="0"/><line number="293" hits="0"/><line number="294" hits="0"/><line number="298" hits="0"/><line number="299" hits="0"/></lines></class></classes></package><package name="src/api/middleware" line-rate="0" branch-rate="0" complexity="0"><classes><class name="cors" filename="src/api/middleware/cors.rs" line-rate="0" branch-rate="0" complexity="0"><methods/><lines><line number="13" hits="0"/><line number="14" hits="0"/><line number="15" hits="0"/><line number="16" hits="0"/><line number="17" hits="0"/><line number="18" hits="0"/><line number="19" hits="0"/><line number="21" hits="0"/><line number="28" hits="0"/><line number="29" hits="0"/><line number="33" hits="0"/><line number="34" hits="0"/><line number="35" hits="0"/><line number="36" hits="0"/><line number="37" hits="0"/><line number="39" hits="0"/><line number="43" hits="0"/><line number="44" hits="0"/><line number="46" hits="0"/><line number="49" hits="0"/><line number="50" hits="0"/><line number="51" hits="0"/><line number="58" hits="0"/><line number="64" hits="0"/><line number="66" hits="0"/></lines></class><class name="error" filename="src/api/middleware/error.rs" line-rate="0" branch-rate="0" complexity="0"><methods/><lines><line number="18" hits="0"/><line number="19" hits="0"/><line number="20" hits="0"/><line number="22" hits="0"/><line number="24" hits="0"/><line number="27" hits="0"/><line number="28" hits="0"/><line number="34" hits="0"/><line number="35" hits="0"/><line number="43" hits="0"/><line number="57" hits="0"/><line number="58" hits="0"/><line number="59" hits="0"/><line number="60" hits="0"/><line number="61" hits="0"/><line number="64" hits="0"/><line number="68" hits="0"/><line number="70" hits="0"/><line number="71" hits="0"/><line number="72" hits="0"/></lines></class><class name="mod" filename="src/api/middleware/mod.rs" line-rate="0" branch-rate="0" complexity="0"><methods/><lines><line number="27" hits="0"/><line number="28" hits="0"/><line number="29" hits="0"/><line number="30" hits="0"/><line number="31" hits="0"/><line number="32" hits="0"/><line number="41" hits="0"/><line number="44" hits="0"/><line number="45" hits="0"/><line number="46" hits="0"/><line number="47" hits="0"/><line number="51" hits="0"/><line number="52" hits="0"/><line number="53" hits="0"/><line number="60" hits="0"/><line number="67" hits="0"/><line number="68" hits="0"/><line number="71" hits="0"/><line number="75" hits="0"/><line number="77" hits="0"/><line number="78" hits="0"/><line number="82" hits="0"/><line number="86" hits="0"/><line number="87" hits="0"/><line number="88" hits="0"/><line number="92" hits="0"/><line number="93" hits="0"/></lines></class><class name="trace" filename="src/api/middleware/trace.rs" line-rate="0" branch-rate="0" complexity="0"><methods/><lines><line number="21" hits="0"/><line number="22" hits="0"/><line number="23" hits="0"/><line number="25" hits="0"/><line number="26" hits="0"/><line number="27" hits="0"/><line number="30" hits="0"/><line number="33" hits="0"/><line number="41" hits="0"/><line number="43" hits="0"/><line number="51" hits="0"/><line number="54" hits="0"/><line number="55" hits="0"/><line number="58" hits="0"/><line number="67" hits="0"/><line number="69" hits="0"/><line number="70" hits="0"/><line number="74" hits="0"/><line number="80" hits="0"/><line number="81" hits="0"/><line number="85" hits="0"/><line number="87" hits="0"/></lines></class></classes></package><package name="src/db/repository" line-rate="0.21739130434782608" branch-rate="0" complexity="0"><classes><class name="device_repo" filename="src/db/repository/device_repo.rs" line-rate="0" branch-rate="0" complexity="0"><methods/><lines><line number="59" hits="0"/><line number="82" hits="0"/><line number="84" hits="0"/><line number="85" hits="0"/><line number="86" hits="0"/><line number="87" hits="0"/><line number="88" hits="0"/><line number="97" hits="0"/><line number="100" hits="0"/><line number="101" hits="0"/><line number="102" hits="0"/><line number="103" hits="0"/><line number="108" hits="0"/><line number="111" hits="0"/><line number="118" hits="0"/><line number="119" hits="0"/><line number="120" hits="0"/><line number="121" hits="0"/><line number="122" hits="0"/><line number="123" hits="0"/><line number="124" hits="0"/><line number="125" hits="0"/><line number="129" hits="0"/><line number="130" hits="0"/><line number="131" hits="0"/><line number="132" hits="0"/><line number="133" hits="0"/><line number="139" hits="0"/><line number="140" hits="0"/><line number="143" hits="0"/><line number="151" hits="0"/><line number="152" hits="0"/><line number="153" hits="0"/><line number="154" hits="0"/><line number="155" hits="0"/><line number="156" hits="0"/><line number="157" hits="0"/><line number="158" hits="0"/><line number="159" hits="0"/><line number="160" hits="0"/><line number="161" hits="0"/><line number="162" hits="0"/><line number="163" hits="0"/><line number="164" hits="0"/><line number="166" hits="0"/><line number="169" hits="0"/><line number="170" hits="0"/><line number="171" hits="0"/><line number="172" hits="0"/><line number="173" hits="0"/><line number="175" hits="0"/><line number="178" hits="0"/><line number="184" hits="0"/><line number="186" hits="0"/><line number="188" hits="0"/><line number="189" hits="0"/><line number="190" hits="0"/><line number="192" hits="0"/><line number="197" hits="0"/><line number="198" hits="0"/><line number="199" hits="0"/><line number="200" hits="0"/><line number="201" hits="0"/><line number="203" hits="0"/><line number="204" hits="0"/><line number="207" hits="0"/><line number="214" hits="0"/><line number="216" hits="0"/><line number="228" hits="0"/><line number="229" hits="0"/><line number="230" hits="0"/><line number="231" hits="0"/><line number="232" hits="0"/><line number="233" hits="0"/><line number="234" hits="0"/><line number="236" hits="0"/><line number="237" hits="0"/><line number="238" hits="0"/><line number="239" hits="0"/><line number="240" hits="0"/><line number="243" hits="0"/><line number="244" hits="0"/><line number="245" hits="0"/><line number="246" hits="0"/><line number="247" hits="0"/><line number="248" hits="0"/><line number="249" hits="0"/><line number="250" hits="0"/><line number="252" hits="0"/><line number="253" hits="0"/><line number="254" hits="0"/><line number="255" hits="0"/><line number="256" hits="0"/><line number="257" hits="0"/><line number="260" hits="0"/><line number="261" hits="0"/><line number="264" hits="0"/><line number="274" hits="0"/><line number="275" hits="0"/><line number="277" hits="0"/><line number="278" hits="0"/><line number="279" hits="0"/><line number="281" hits="0"/><line number="282" hits="0"/><line number="283" hits="0"/><line number="285" hits="0"/><line number="286" hits="0"/><line number="287" hits="0"/><line number="289" hits="0"/><line number="290" hits="0"/><line number="291" hits="0"/><line number="293" hits="0"/><line number="294" hits="0"/><line number="295" hits="0"/><line number="297" hits="0"/><line number="298" hits="0"/><line number="299" hits="0"/><line number="302" hits="0"/><line number="303" hits="0"/><line number="304" hits="0"/><line number="305" hits="0"/><line number="306" hits="0"/><line number="309" hits="0"/><line number="310" hits="0"/><line number="312" hits="0"/><line number="314" hits="0"/><line number="315" hits="0"/><line number="316" hits="0"/><line number="318" hits="0"/><line number="320" hits="0"/><line number="322" hits="0"/><line number="323" hits="0"/><line number="326" hits="0"/><line number="327" hits="0"/><line number="328" hits="0"/><line number="331" hits="0"/><line number="332" hits="0"/><line number="333" hits="0"/><line number="334" hits="0"/><line number="335" hits="0"/><line number="337" hits="0"/><line number="338" hits="0"/><line number="341" hits="0"/><line number="344" hits="0"/><line number="345" hits="0"/><line number="346" hits="0"/><line number="348" hits="0"/><line number="349" hits="0"/><line number="351" hits="0"/><line number="352" hits="0"/><line number="353" hits="0"/><line number="355" hits="0"/><line number="356" hits="0"/><line number="357" hits="0"/><line number="358" hits="0"/><line number="362" hits="0"/><line number="365" hits="0"/><line number="366" hits="0"/><line number="367" hits="0"/><line number="368" hits="0"/><line number="369" hits="0"/><line number="371" hits="0"/></lines></class><class name="experiment_repo" filename="src/db/repository/experiment_repo.rs" line-rate="0.31125827814569534" branch-rate="0" complexity="0"><methods/><lines><line number="50" hits="1"/><line number="51" hits="1"/><line number="52" hits="2"/><line number="53" hits="2"/><line number="54" hits="2"/><line number="55" hits="2"/><line number="56" hits="0"/><line number="57" hits="0"/><line number="58" hits="0"/><line number="62" hits="1"/><line number="63" hits="1"/><line number="64" hits="1"/><line number="68" hits="1"/><line number="69" hits="1"/><line number="71" hits="3"/><line number="76" hits="1"/><line number="81" hits="1"/><line number="84" hits="1"/><line number="157" hits="1"/><line number="164" hits="7"/><line number="173" hits="2"/><line number="174" hits="1"/><line number="175" hits="4"/><line number="177" hits="4"/><line number="180" hits="0"/><line number="193" hits="0"/><line number="194" hits="0"/><line number="195" hits="0"/><line number="197" hits="0"/><line number="200" hits="0"/><line number="207" hits="0"/><line number="210" hits="0"/><line number="211" hits="0"/><line number="212" hits="0"/><line number="214" hits="0"/><line number="219" hits="0"/><line number="220" hits="0"/><line number="221" hits="0"/><line number="222" hits="0"/><line number="234" hits="0"/><line number="235" hits="0"/><line number="236" hits="0"/><line number="237" hits="0"/><line number="238" hits="0"/><line number="239" hits="0"/><line number="241" hits="0"/><line number="244" hits="0"/><line number="246" hits="0"/><line number="247" hits="0"/><line number="248" hits="0"/><line number="260" hits="0"/><line number="261" hits="0"/><line number="262" hits="0"/><line number="263" hits="0"/><line number="264" hits="0"/><line number="266" hits="0"/><line number="268" hits="0"/><line number="269" hits="0"/><line number="271" hits="0"/><line number="273" hits="0"/><line number="274" hits="0"/><line number="275" hits="0"/><line number="287" hits="0"/><line number="288" hits="0"/><line number="289" hits="0"/><line number="290" hits="0"/><line number="291" hits="0"/><line number="293" hits="0"/><line number="296" hits="0"/><line number="297" hits="0"/><line number="298" hits="0"/><line number="309" hits="0"/><line number="310" hits="0"/><line number="311" hits="0"/><line number="312" hits="0"/><line number="314" hits="0"/><line number="317" hits="0"/><line number="320" hits="0"/><line number="324" hits="0"/><line number="333" hits="0"/><line number="334" hits="0"/><line number="335" hits="0"/><line number="336" hits="0"/><line number="337" hits="0"/><line number="338" hits="0"/><line number="339" hits="0"/><line number="340" hits="0"/><line number="341" hits="0"/><line number="342" hits="0"/><line number="343" hits="0"/><line number="344" hits="0"/><line number="346" hits="0"/><line number="349" hits="0"/><line number="353" hits="0"/><line number="363" hits="0"/><line number="364" hits="0"/><line number="365" hits="0"/><line number="366" hits="0"/><line number="367" hits="0"/><line number="368" hits="0"/><line number="369" hits="0"/><line number="370" hits="0"/><line number="371" hits="0"/><line number="372" hits="0"/><line number="373" hits="0"/><line number="375" hits="0"/><line number="378" hits="0"/><line number="379" hits="0"/><line number="380" hits="0"/><line number="381" hits="0"/><line number="382" hits="0"/><line number="384" hits="0"/><line number="388" hits="0"/><line number="393" hits="0"/><line number="394" hits="0"/><line number="403" hits="0"/><line number="404" hits="0"/><line number="405" hits="0"/><line number="406" hits="0"/><line number="407" hits="0"/><line number="409" hits="0"/><line number="410" hits="0"/><line number="411" hits="0"/><line number="414" hits="7"/><line number="422" hits="2"/><line number="423" hits="1"/><line number="426" hits="6"/><line number="427" hits="1"/><line number="428" hits="4"/><line number="429" hits="2"/><line number="432" hits="1"/><line number="433" hits="2"/><line number="434" hits="0"/><line number="435" hits="1"/><line number="440" hits="1"/><line number="441" hits="1"/><line number="442" hits="1"/><line number="444" hits="1"/><line number="445" hits="0"/><line number="446" hits="1"/><line number="456" hits="1"/><line number="457" hits="7"/><line number="458" hits="1"/><line number="459" hits="1"/><line number="460" hits="1"/><line number="461" hits="2"/><line number="462" hits="1"/><line number="463" hits="4"/><line number="465" hits="5"/><line number="466" hits="4"/><line number="467" hits="2"/></lines></class><class name="method_repo" filename="src/db/repository/method_repo.rs" line-rate="0.40540540540540543" branch-rate="0" complexity="0"><methods/><lines><line number="38" hits="1"/><line number="45" hits="6"/><line number="52" hits="2"/><line number="53" hits="1"/><line number="54" hits="1"/><line number="55" hits="2"/><line number="56" hits="2"/><line number="57" hits="2"/><line number="58" hits="2"/><line number="59" hits="1"/><line number="60" hits="1"/><line number="61" hits="1"/><line number="62" hits="5"/><line number="64" hits="1"/><line number="67" hits="15"/><line number="75" hits="6"/><line number="76" hits="3"/><line number="77" hits="10"/><line number="78" hits="5"/><line number="80" hits="1"/><line number="83" hits="0"/><line number="92" hits="0"/><line number="93" hits="0"/><line number="94" hits="0"/><line number="96" hits="0"/><line number="99" hits="0"/><line number="100" hits="0"/><line number="102" hits="0"/><line number="103" hits="0"/><line number="105" hits="0"/><line number="106" hits="0"/><line number="108" hits="0"/><line number="109" hits="0"/><line number="111" hits="0"/><line number="120" hits="0"/><line number="121" hits="0"/><line number="122" hits="0"/><line number="123" hits="0"/><line number="124" hits="0"/><line number="125" hits="0"/><line number="126" hits="0"/><line number="127" hits="0"/><line number="129" hits="0"/><line number="132" hits="0"/><line number="133" hits="0"/><line number="134" hits="0"/><line number="135" hits="0"/><line number="136" hits="0"/><line number="138" hits="0"/><line number="139" hits="0"/><line number="141" hits="0"/><line number="144" hits="0"/><line number="150" hits="0"/><line number="161" hits="0"/><line number="162" hits="0"/><line number="163" hits="0"/><line number="164" hits="0"/><line number="165" hits="0"/><line number="167" hits="0"/><line number="170" hits="0"/><line number="171" hits="0"/><line number="172" hits="0"/><line number="173" hits="0"/><line number="175" hits="0"/><line number="194" hits="1"/><line number="196" hits="3"/><line number="197" hits="2"/><line number="198" hits="1"/><line number="199" hits="3"/><line number="200" hits="3"/><line number="201" hits="2"/><line number="202" hits="3"/><line number="203" hits="1"/><line number="204" hits="2"/></lines></class><class name="point_repo" filename="src/db/repository/point_repo.rs" line-rate="0" branch-rate="0" complexity="0"><methods/><lines><line number="55" hits="0"/><line number="78" hits="0"/><line number="80" hits="0"/><line number="81" hits="0"/><line number="82" hits="0"/><line number="83" hits="0"/><line number="90" hits="0"/><line number="96" hits="0"/><line number="97" hits="0"/><line number="98" hits="0"/><line number="99" hits="0"/><line number="100" hits="0"/><line number="105" hits="0"/><line number="108" hits="0"/><line number="115" hits="0"/><line number="116" hits="0"/><line number="117" hits="0"/><line number="118" hits="0"/><line number="119" hits="0"/><line number="120" hits="0"/><line number="124" hits="0"/><line number="125" hits="0"/><line number="126" hits="0"/><line number="127" hits="0"/><line number="128" hits="0"/><line number="132" hits="0"/><line number="133" hits="0"/><line number="134" hits="0"/><line number="135" hits="0"/><line number="141" hits="0"/><line number="148" hits="0"/><line number="149" hits="0"/><line number="150" hits="0"/><line number="151" hits="0"/><line number="152" hits="0"/><line number="153" hits="0"/><line number="154" hits="0"/><line number="155" hits="0"/><line number="156" hits="0"/><line number="157" hits="0"/><line number="158" hits="0"/><line number="159" hits="0"/><line number="160" hits="0"/><line number="161" hits="0"/><line number="163" hits="0"/><line number="166" hits="0"/><line number="167" hits="0"/><line number="168" hits="0"/><line number="169" hits="0"/><line number="170" hits="0"/><line number="172" hits="0"/><line number="175" hits="0"/><line number="181" hits="0"/><line number="183" hits="0"/><line number="184" hits="0"/><line number="185" hits="0"/><line number="186" hits="0"/><line number="188" hits="0"/><line number="193" hits="0"/><line number="194" hits="0"/><line number="195" hits="0"/><line number="196" hits="0"/><line number="197" hits="0"/><line number="199" hits="0"/><line number="200" hits="0"/><line number="203" hits="0"/><line number="213" hits="0"/><line number="214" hits="0"/><line number="216" hits="0"/><line number="217" hits="0"/><line number="218" hits="0"/><line number="220" hits="0"/><line number="221" hits="0"/><line number="222" hits="0"/><line number="224" hits="0"/><line number="225" hits="0"/><line number="226" hits="0"/><line number="228" hits="0"/><line number="229" hits="0"/><line number="230" hits="0"/><line number="232" hits="0"/><line number="233" hits="0"/><line number="234" hits="0"/><line number="236" hits="0"/><line number="237" hits="0"/><line number="238" hits="0"/><line number="241" hits="0"/><line number="242" hits="0"/><line number="243" hits="0"/><line number="244" hits="0"/><line number="245" hits="0"/><line number="248" hits="0"/><line number="249" hits="0"/><line number="251" hits="0"/><line number="253" hits="0"/><line number="254" hits="0"/><line number="255" hits="0"/><line number="257" hits="0"/><line number="259" hits="0"/><line number="261" hits="0"/><line number="262" hits="0"/><line number="265" hits="0"/><line number="266" hits="0"/><line number="267" hits="0"/><line number="270" hits="0"/><line number="271" hits="0"/><line number="272" hits="0"/><line number="273" hits="0"/><line number="274" hits="0"/><line number="276" hits="0"/><line number="277" hits="0"/><line number="280" hits="0"/><line number="283" hits="0"/><line number="284" hits="0"/><line number="285" hits="0"/><line number="286" hits="0"/><line number="287" hits="0"/><line number="289" hits="0"/><line number="292" hits="0"/><line number="296" hits="0"/><line number="297" hits="0"/><line number="298" hits="0"/><line number="299" hits="0"/><line number="301" hits="0"/><line number="302" hits="0"/><line number="303" hits="0"/><line number="304" hits="0"/></lines></class><class name="state_change_log_repo" filename="src/db/repository/state_change_log_repo.rs" line-rate="0.7619047619047619" branch-rate="0" complexity="0"><methods/><lines><line number="35" hits="1"/><line number="36" hits="1"/><line number="37" hits="1"/><line number="40" hits="1"/><line number="41" hits="1"/><line number="44" hits="1"/><line number="45" hits="2"/><line number="46" hits="1"/><line number="49" hits="1"/><line number="54" hits="1"/><line number="56" hits="2"/><line number="57" hits="2"/><line number="58" hits="2"/><line number="59" hits="2"/><line number="60" hits="2"/><line number="61" hits="2"/><line number="62" hits="1"/><line number="91" hits="1"/><line number="98" hits="6"/><line number="99" hits="2"/><line number="100" hits="2"/><line number="109" hits="2"/><line number="110" hits="2"/><line number="111" hits="1"/><line number="112" hits="1"/><line number="113" hits="1"/><line number="114" hits="2"/><line number="115" hits="1"/><line number="116" hits="1"/><line number="117" hits="1"/><line number="118" hits="4"/><line number="120" hits="1"/><line number="123" hits="0"/><line number="136" hits="0"/><line number="137" hits="0"/><line number="138" hits="0"/><line number="140" hits="0"/><line number="143" hits="0"/><line number="157" hits="0"/><line number="158" hits="0"/><line number="159" hits="0"/><line number="161" hits="0"/></lines></class><class name="user_repo" filename="src/db/repository/user_repo.rs" line-rate="0.5045045045045045" branch-rate="0" complexity="0"><methods/><lines><line number="19" hits="1"/><line number="24" hits="4"/><line number="32" hits="2"/><line number="33" hits="1"/><line number="34" hits="4"/><line number="36" hits="4"/><line number="37" hits="3"/><line number="38" hits="1"/><line number="39" hits="1"/><line number="40" hits="1"/><line number="41" hits="1"/><line number="42" hits="1"/><line number="43" hits="1"/><line number="44" hits="1"/><line number="49" hits="0"/><line number="57" hits="0"/><line number="58" hits="0"/><line number="59" hits="0"/><line number="61" hits="0"/><line number="62" hits="0"/><line number="63" hits="0"/><line number="64" hits="0"/><line number="65" hits="0"/><line number="66" hits="0"/><line number="67" hits="0"/><line number="68" hits="0"/><line number="69" hits="0"/><line number="74" hits="0"/><line number="82" hits="0"/><line number="83" hits="0"/><line number="85" hits="0"/><line number="86" hits="0"/><line number="87" hits="0"/><line number="88" hits="0"/><line number="89" hits="0"/><line number="90" hits="0"/><line number="91" hits="0"/><line number="92" hits="0"/><line number="93" hits="0"/><line number="94" hits="0"/><line number="95" hits="0"/><line number="97" hits="0"/><line number="101" hits="8"/><line number="102" hits="2"/><line number="110" hits="4"/><line number="111" hits="2"/><line number="112" hits="2"/><line number="113" hits="2"/><line number="114" hits="2"/><line number="115" hits="2"/><line number="116" hits="2"/><line number="117" hits="1"/><line number="118" hits="1"/><line number="119" hits="4"/><line number="121" hits="1"/><line number="125" hits="0"/><line number="126" hits="0"/><line number="127" hits="0"/><line number="128" hits="0"/><line number="131" hits="0"/><line number="133" hits="0"/><line number="134" hits="0"/><line number="136" hits="0"/><line number="137" hits="0"/><line number="139" hits="0"/><line number="140" hits="0"/><line number="150" hits="0"/><line number="151" hits="0"/><line number="152" hits="0"/><line number="153" hits="0"/><line number="154" hits="0"/><line number="155" hits="0"/><line number="157" hits="0"/><line number="161" hits="1"/><line number="167" hits="2"/><line number="169" hits="0"/><line number="172" hits="1"/><line number="182" hits="1"/><line number="183" hits="1"/><line number="184" hits="1"/><line number="185" hits="2"/><line number="186" hits="1"/><line number="187" hits="4"/><line number="190" hits="2"/><line number="194" hits="0"/><line number="195" hits="0"/><line number="203" hits="0"/><line number="204" hits="0"/><line number="205" hits="0"/><line number="206" hits="0"/><line number="207" hits="0"/><line number="209" hits="0"/><line number="213" hits="4"/><line number="214" hits="4"/><line number="216" hits="1"/><line number="217" hits="1"/><line number="218" hits="4"/><line number="220" hits="1"/><line number="224" hits="1"/><line number="229" hits="5"/><line number="231" hits="1"/><line number="232" hits="2"/><line number="233" hits="1"/><line number="234" hits="4"/><line number="236" hits="1"/><line number="240" hits="4"/><line number="241" hits="6"/><line number="242" hits="2"/><line number="243" hits="1"/><line number="244" hits="4"/><line number="246" hits="1"/></lines></class><class name="workbench_repo" filename="src/db/repository/workbench_repo.rs" line-rate="0" branch-rate="0" complexity="0"><methods/><lines><line number="46" hits="0"/><line number="65" hits="0"/><line number="67" hits="0"/><line number="68" hits="0"/><line number="69" hits="0"/><line number="70" hits="0"/><line number="74" hits="0"/><line number="75" hits="0"/><line number="80" hits="0"/><line number="83" hits="0"/><line number="92" hits="0"/><line number="93" hits="0"/><line number="94" hits="0"/><line number="95" hits="0"/><line number="97" hits="0"/><line number="98" hits="0"/><line number="99" hits="0"/><line number="100" hits="0"/><line number="109" hits="0"/><line number="110" hits="0"/><line number="111" hits="0"/><line number="112" hits="0"/><line number="113" hits="0"/><line number="114" hits="0"/><line number="115" hits="0"/><line number="116" hits="0"/><line number="117" hits="0"/><line number="118" hits="0"/><line number="120" hits="0"/><line number="123" hits="0"/><line number="124" hits="0"/><line number="126" hits="0"/><line number="127" hits="0"/><line number="128" hits="0"/><line number="130" hits="0"/><line number="133" hits="0"/><line number="139" hits="0"/><line number="145" hits="0"/><line number="146" hits="0"/><line number="147" hits="0"/><line number="149" hits="0"/><line number="155" hits="0"/><line number="156" hits="0"/><line number="157" hits="0"/><line number="158" hits="0"/><line number="159" hits="0"/><line number="161" hits="0"/><line number="162" hits="0"/><line number="165" hits="0"/><line number="173" hits="0"/><line number="174" hits="0"/><line number="176" hits="0"/><line number="177" hits="0"/><line number="178" hits="0"/><line number="180" hits="0"/><line number="181" hits="0"/><line number="182" hits="0"/><line number="184" hits="0"/><line number="185" hits="0"/><line number="186" hits="0"/><line number="187" hits="0"/><line number="188" hits="0"/><line number="190" hits="0"/><line number="191" hits="0"/><line number="194" hits="0"/><line number="196" hits="0"/><line number="197" hits="0"/><line number="198" hits="0"/><line number="199" hits="0"/><line number="202" hits="0"/><line number="203" hits="0"/><line number="205" hits="0"/><line number="207" hits="0"/><line number="210" hits="0"/><line number="211" hits="0"/><line number="212" hits="0"/><line number="214" hits="0"/><line number="216" hits="0"/><line number="218" hits="0"/><line number="219" hits="0"/><line number="222" hits="0"/><line number="223
[...]
 hits="0"/><line number="295" hits="0"/><line number="296" hits="0"/><line number="297" hits="0"/><line number="303" hits="0"/><line number="304" hits="0"/><line number="305" hits="0"/><line number="307" hits="0"/><line number="312" hits="2"/><line number="314" hits="2"/><line number="315" hits="2"/><line number="316" hits="2"/></lines></class><class name="log" filename="src/core/log.rs" line-rate="0" branch-rate="0" complexity="0"><methods/><lines><line number="14" hits="0"/><line number="16" hits="0"/><line number="20" hits="0"/><line number="28" hits="0"/><line number="34" hits="0"/><line number="35" hits="0"/><line number="37" hits="0"/><line number="40" hits="0"/><line number="44" hits="0"/><line number="45" hits="0"/><line number="46" hits="0"/></lines></class></classes></package><package name="src/models/dto" line-rate="0.5882352941176471" branch-rate="0" complexity="0"><classes><class name="experiment_query" filename="src/models/dto/experiment_query.rs" line-rate="0" branch-rate="0" complexity="0"><methods/><lines><line number="12" hits="0"/><line number="13" hits="0"/><line number="14" hits="0"/><line number="15" hits="0"/><line number="16" hits="0"/><line number="17" hits="0"/><line number="19" hits="0"/></lines></class><class name="method_dto" filename="src/models/dto/method_dto.rs" line-rate="1" branch-rate="0" complexity="0"><methods/><lines><line number="41" hits="1"/><line number="43" hits="1"/><line number="44" hits="1"/><line number="45" hits="1"/><line number="46" hits="1"/><line number="47" hits="1"/><line number="48" hits="1"/><line number="49" hits="1"/><line number="50" hits="1"/><line number="51" hits="1"/></lines></class></classes></package><package name="src/models/entities" line-rate="0.4462809917355372" branch-rate="0" complexity="0"><classes><class name="data_file" filename="src/models/entities/data_file.rs" line-rate="0" branch-rate="0" complexity="0"><methods/><lines><line number="65" hits="0"/><line number="72" hits="0"/><line number="74" hits="0"/><line number="129" hits="0"/><line number="131" hits="0"/><line number="132" hits="0"/><line number="133" hits="0"/><line number="134" hits="0"/><line number="135" hits="0"/><line number="136" hits="0"/><line number="137" hits="0"/><line number="138" hits="0"/><line number="139" hits="0"/><line number="140" hits="0"/><line number="141" hits="0"/><line number="142" hits="0"/></lines></class><class name="device" filename="src/models/entities/device.rs" line-rate="1" branch-rate="0" complexity="0"><methods/><lines><line number="71" hits="1"/><line number="77" hits="1"/><line number="79" hits="1"/><line number="137" hits="1"/><line number="139" hits="1"/><line number="140" hits="1"/><line number="141" hits="1"/><line number="142" hits="1"/><line number="143" hits="1"/><line number="144" hits="1"/><line number="145" hits="1"/><line number="146" hits="1"/><line number="147" hits="1"/><line number="148" hits="1"/><line number="149" hits="1"/><line number="150" hits="1"/></lines></class><class name="experiment" filename="src/models/entities/experiment.rs" line-rate="0.11538461538461539" branch-rate="0" complexity="0"><methods/><lines><line number="30" hits="1"/><line number="31" hits="1"/><line number="32" hits="1"/><line number="65" hits="0"/><line number="66" hits="0"/><line number="68" hits="0"/><line number="86" hits="0"/><line number="88" hits="0"/><line number="89" hits="0"/><line number="90" hits="0"/><line number="91" hits="0"/><line number="92" hits="0"/><line number="93" hits="0"/><line number="94" hits="0"/><line number="96" hits="0"/><line number="138" hits="0"/><line number="140" hits="0"/><line number="141" hits="0"/><line number="142" hits="0"/><line number="143" hits="0"/><line number="144" hits="0"/><line number="145" hits="0"/><line number="146" hits="0"/><line number="147" hits="0"/><line number="148" hits="0"/><line number="149" hits="0"/></lines></class><class name="method" filename="src/models/entities/method.rs" line-rate="1" branch-rate="0" complexity="0"><methods/><lines><line number="34" hits="2"/><line number="41" hits="2"/><line number="43" hits="2"/></lines></class><class name="point" filename="src/models/entities/point.rs" line-rate="1" branch-rate="0" complexity="0"><methods/><lines><line number="79" hits="2"/><line number="85" hits="3"/><line number="87" hits="1"/><line number="152" hits="1"/><line number="154" hits="1"/><line number="155" hits="1"/><line number="156" hits="1"/><line number="157" hits="1"/><line number="158" hits="1"/><line number="159" hits="1"/><line number="160" hits="1"/><line number="161" hits="1"/><line number="162" hits="1"/><line number="163" hits="1"/><line number="164" hits="1"/><line number="165" hits="1"/></lines></class><class name="state_change_log" filename="src/models/entities/state_change_log.rs" line-rate="1" branch-rate="0" complexity="0"><methods/><lines><line number="35" hits="2"/><line number="43" hits="2"/><line number="47" hits="2"/><line number="49" hits="2"/><line number="55" hits="1"/><line number="63" hits="1"/><line number="67" hits="1"/><line number="69" hits="1"/><line number="70" hits="1"/></lines></class><class name="user" filename="src/models/entities/user.rs" line-rate="0.30434782608695654" branch-rate="0" complexity="0"><methods/><lines><line number="24" hits="2"/><line number="25" hits="2"/><line number="26" hits="2"/><line number="27" hits="0"/><line number="28" hits="0"/><line number="34" hits="0"/><line number="35" hits="0"/><line number="36" hits="0"/><line number="37" hits="0"/><line number="38" hits="0"/><line number="39" hits="0"/><line number="67" hits="2"/><line number="68" hits="1"/><line number="70" hits="1"/><line number="75" hits="2"/><line number="111" hits="0"/><line number="113" hits="0"/><line number="114" hits="0"/><line number="115" hits="0"/><line number="116" hits="0"/><line number="117" hits="0"/><line number="118" hits="0"/><line number="119" hits="0"/></lines></class><class name="workbench" filename="src/models/entities/workbench.rs" line-rate="0" branch-rate="0" complexity="0"><methods/><lines><line number="55" hits="0"/><line number="61" hits="0"/><line number="63" hits="0"/><line number="106" hits="0"/><line number="108" hits="0"/><line number="109" hits="0"/><line number="110" hits="0"/><line number="111" hits="0"/><line number="112" hits="0"/><line number="113" hits="0"/><line number="114" hits="0"/><line number="115" hits="0"/></lines></class></classes></package><package name="src/auth/middleware" line-rate="0.4578313253012048" branch-rate="0" complexity="0"><classes><class name="context" filename="src/auth/middleware/context.rs" line-rate="1" branch-rate="0" complexity="0"><methods/><lines><line number="50" hits="4"/><line number="53" hits="4"/><line number="59" hits="2"/><line number="60" hits="1"/></lines></class><class name="extractor" filename="src/auth/middleware/extractor.rs" line-rate="0.7368421052631579" branch-rate="0" complexity="0"><methods/><lines><line number="31" hits="2"/><line number="32" hits="2"/><line number="34" hits="4"/><line number="35" hits="10"/><line number="36" hits="5"/><line number="39" hits="4"/><line number="40" hits="8"/><line number="42" hits="6"/><line number="43" hits="7"/><line number="66" hits="1"/><line number="68" hits="1"/><line number="76" hits="0"/><line number="77" hits="0"/><line number="78" hits="0"/><line number="83" hits="1"/><line number="84" hits="2"/><line number="85" hits="0"/><line number="86" hits="0"/><line number="89" hits="1"/></lines></class><class name="layer" filename="src/auth/middleware/layer.rs" line-rate="0.23529411764705882" branch-rate="0" complexity="0"><methods/><lines><line number="78" hits="2"/><line number="81" hits="2"/><line number="90" hits="0"/><line number="91" hits="0"/><line number="92" hits="0"/><line number="99" hits="1"/><line number="100" hits="1"/><line number="101" hits="1"/><line number="114" hits="0"/><line number="115" hits="0"/><line number="117" hits="0"/><line number="118" hits="0"/><line number="119" hits="0"/><line number="125" hits="0"/><line number="126" hits="0"/><line number="127" hits="0"/><line number="128" hits="0"/><line number="129" hits="0"/><line number="156" hits="0"/><line number="164" hits="0"/><line number="167" hits="0"/><line number="197" hits="0"/><line number="198" hits="0"/><line number="201" hits="0"/><line number="204" hits="0"/><line number="205" hits="0"/><line number="207" hits="0"/><line number="209" hits="0"/><line number="210" hits="0"/><line number="212" hits="0"/><line number="213" hits="0"/><line number="215" hits="0"/><line number="216" hits="0"/><line number="218" hits="0"/><line number="219" hits="0"/><line number="220" hits="0"/><line number="222" hits="0"/><line number="224" hits="0"/><line number="228" hits="0"/><line number="229" hits="0"/><line number="231" hits="0"/><line number="232" hits="0"/><line number="235" hits="0"/><line number="236" hits="0"/><line number="254" hits="1"/><line number="259" hits="2"/><line number="261" hits="1"/><line number="263" hits="1"/><line number="266" hits="1"/><line number="267" hits="1"/><line number="270" hits="1"/></lines></class><class name="require_auth" filename="src/auth/middleware/require_auth.rs" line-rate="0.8888888888888888" branch-rate="0" complexity="0"><methods/><lines><line number="36" hits="7"/><line number="37" hits="1"/><line number="38" hits="0"/><line number="41" hits="1"/><line number="42" hits="4"/><line number="49" hits="1"/><line number="83" hits="10"/><line number="84" hits="4"/><line number="91" hits="1"/></lines></class></classes></package><package name="src/services/experiment_control" line-rate="0.5292397660818714" branch-rate="0" complexity="0"><classes><class name="mod" filename="src/services/experiment_control/mod.rs" line-rate="0.5102040816326531" branch-rate="0" complexity="0"><methods/><lines><line number="51" hits="0"/><line number="52" hits="0"/><line number="53" hits="0"/><line number="54" hits="0"/><line number="55" hits="0"/><line number="62" hits="1"/><line number="63" hits="1"/><line number="64" hits="1"/><line number="65" hits="1"/><line number="70" hits="0"/><line number="121" hits="1"/><line number="123" hits="1"/><line number="124" hits="1"/><line number="125" hits="3"/><line number="126" hits="7"/><line number="127" hits="1"/><line number="128" hits="3"/><line number="129" hits="1"/><line number="130" hits="1"/><line number="131" hits="1"/><line number="137" hits="0"/><line number="139" hits="0"/><line number="140" hits="0"/><line number="141" hits="0"/><line number="142" hits="0"/><line number="143" hits="0"/><line number="144" hits="0"/><line number="145" hits="0"/><line number="146" hits="0"/><line number="170" hits="1"/><line number="180" hits="0"/><line number="190" hits="0"/><line number="196" hits="1"/><line number="201" hits="7"/><line number="202" hits="0"/><line number="203" hits="1"/><line number="204" hits="4"/><line number="205" hits="3"/><line number="208" hits="2"/><line number="209" hits="1"/><line number="210" hits="1"/><line number="214" hits="1"/><line number="218" hits="1"/><line number="226" hits="1"/><line number="228" hits="0"/><line number="229" hits="0"/><line number="230" hits="0"/><line number="231" hits="0"/><line number="232" hits="0"/><line number="233" hits="0"/><line number="240" hits="0"/><line number="241" hits="0"/><line number="242" hits="0"/><line number="247" hits="1"/><line number="254" hits="6"/><line number="257" hits="6"/><line number="260" hits="10"/><line number="261" hits="3"/><line number="262" hits="8"/><line number="263" hits="6"/><line number="266" hits="7"/><line number="267" hits="0"/><line number="269" hits="2"/><line number="270" hits="0"/><line number="271" hits="1"/><line number="272" hits="2"/><line number="273" hits="1"/><line number="275" hits="6"/><line number="279" hits="2"/><line number="280" hits="0"/><line number="281" hits="0"/><line number="282" hits="0"/><line number="283" hits="1"/><line number="285" hits="13"/><line number="286" hits="2"/><line number="287" hits="10"/><line number="288" hits="3"/><line number="291" hits="6"/><line number="292" hits="3"/><line number="293" hits="3"/><line number="294" hits="3"/><line number="296" hits="3"/><line number="299" hits="6"/><line number="303" hits="1"/><line number="308" hits="3"/><line number="310" hits="3"/><line number="313" hits="2"/><line number="314" hits="2"/><line number="316" hits="0"/><line number="319" hits="4"/><line number="320" hits="0"/><line number="322" hits="1"/><line number="323" hits="0"/><line number="324" hits="1"/><line number="325" hits="1"/><line number="326" hits="1"/><line number="328" hits="4"/><line number="331" hits="1"/><line number="332" hits="0"/><line number="333" hits="0"/><line number="334" hits="0"/><line number="335" hits="1"/><line number="337" hits="5"/><line number="338" hits="1"/><line number="339" hits="4"/><line number="340" hits="1"/><line number="343" hits="2"/><line number="344" hits="1"/><line number="345" hits="1"/><line number="346" hits="1"/><line number="348" hits="1"/><line number="351" hits="2"/><line number="355" hits="1"/><line number="360" hits="4"/><line number="362" hits="2"/><line number="364" hits="4"/><line number="365" hits="0"/><line number="367" hits="1"/><line number="368" hits="0"/><line number="369" hits="1"/><line number="370" hits="1"/><line number="371" hits="1"/><line number="373" hits="4"/><line number="376" hits="1"/><line number="377" hits="0"/><line number="378" hits="0"/><line number="379" hits="0"/><line number="380" hits="1"/><line number="382" hits="5"/><line number="383" hits="1"/><line number="384" hits="4"/><line number="385" hits="1"/><line number="388" hits="2"/><line number="389" hits="1"/><line number="390" hits="1"/><line number="391" hits="1"/><line number="393" hits="1"/><line number="396" hits="2"/><line number="400" hits="1"/><line number="405" hits="3"/><line number="407" hits="2"/><line number="409" hits="4"/><line number="410" hits="0"/><line number="412" hits="1"/><line number="413" hits="0"/><line number="414" hits="1"/><line number="415" hits="1"/><line number="416" hits="1"/><line number="418" hits="4"/><line number="421" hits="1"/><line number="422" hits="0"/><line number="423" hits="0"/><line number="424" hits="0"/><line number="425" hits="1"/><line number="427" hits="5"/><line number="428" hits="1"/><line number="429" hits="4"/><line number="430" hits="1"/><line number="433" hits="2"/><line number="434" hits="1"/><line number="435" hits="1"/><line number="436" hits="1"/><line number="438" hits="1"/><line number="441" hits="2"/><line number="445" hits="1"/><line number="450" hits="4"/><line number="452" hits="2"/><line number="454" hits="4"/><line number="455" hits="0"/><line number="457" hits="1"/><line number="458" hits="0"/><line number="459" hits="1"/><line number="460" hits="1"/><line number="461" hits="1"/><line number="463" hits="4"/><line number="466" hits="1"/><line number="467" hits="0"/><line number="468" hits="0"/><line number="469" hits="0"/><line number="470" hits="1"/><line number="472" hits="5"/><line number="473" hits="1"/><line number="474" hits="4"/><line number="475" hits="1"/><line number="478" hits="2"/><line number="479" hits="1"/><line number="480" hits="1"/><line number="481" hits="1"/><line number="483" hits="1"/><line number="486" hits="2"/><line number="495" hits="0"/><line number="496" hits="0"/><line number="497" hits="0"/><line number="498" hits="0"/><line number="499" hits="0"/><line number="501" hits="0"/><line number="503" hits="0"/><line number="504" hits="0"/><line number="505" hits="0"/><line number="506" hits="0"/><line number="509" hits="0"/><line number="510" hits="0"/><line number="511" hits="0"/><line number="512" hits="0"/><line number="513" hits="0"/><line number="515" hits="0"/><line number="516" hits="0"/><line number="517" hits="0"/><line number="518" hits="0"/><line number="521" hits="0"/><line number="522" hits="0"/><line number="523" hits="0"/><line number="524" hits="0"/><line number="526" hits="0"/><line number="529" hits="0"/><line number="538" hits="0"/><line number="539" hits="0"/><line number="540" hits="0"/><line number="541" hits="0"/><line number="542" hits="0"/><line number="544" hits="0"/><line number="546" hits="0"/><line number="547" hits="0"/><line number="549" hits="0"/><line number="550" hits="0"/><line number="551" hits="0"/><line number="552" hits="0"/><line number="553" hits="0"/><line number="555" hits="0"/><line number="558" hits="0"/><line number="559" hits="0"/><line number="560" hits="0"/><line number="561" hits="0"/><line number="562" hits="0"/><line number="564" hits="0"/><line number="565" hits="0"/><line number="566" hits="0"/><line number="567" hits="0"/><line number="570" hits="0"/><line number="571" hits="0"/><line number="572" hits="0"/><line number="573" hits="0"/><line number="575" hits="0"/><line number="578" hits="0"/><line number="587" hits="0"/><line number="588" hits="0"/><line number="589" hits="0"/><line number="590" hits="0"/><line number="591" hits="0"/><line number="593" hits="0"/><line number="595" hits="0"/><line number="596" hits="0"/><line number="598" hits="0"/><line number="599" hits="0"/><line number="600" hits="0"/><line number="601" hits="0"/><line number="602" hits="0"/><line number="604" hits="0"/><line number="607" hits="0"/><line number="608" hits="0"/><line number="609" hits="0"/><line number="610" hits="0"/><line number="611" hits="0"/><line number="613" hits="0"/><line number="614" hits="0"/><line number="615" hits="0"/><line number="616" hits="0"/><line number="619" hits="0"/><line number="620" hits="0"/><line number="621" hits="0"/><line number="622" hits="0"/><line number="624" hits="0"/><line number="627" hits="0"/><line number="631" hits="1"/><line number="635" hits="7"/><line number="636" hits="0"/><line number="637" hits="1"/><line number="638" hits="4"/><line number="639" hits="3"/><line number="641" hits="1"/><line number="642" hits="1"/><line number="643" hits="1"/><line number="644" hits="3"/><line number="645" hits="1"/><line number="646" hits="1"/><line number="647" hits="1"/><line number="648" hits="1"/><line number="653" hits="0"/><line number="657" hits="0"/><line number="658" hits="0"/><line number="659" hits="0"/><line number="660" hits="0"/><line number="661" hits="0"/><line number="663" hits="0"/></lines></class><class name="ws_manager" filename="src/services/experiment_control/ws_manager.rs" line-rate="0.6458333333333334" branch-rate="0" complexity="0"><methods/><lines><line number="54" hits="1"/><line number="55" hits="2"/><line number="56" hits="1"/><line number="71" hits="1"/><line number="96" hits="0"/><line number="100" hits="0"/><line number="113" hits="1"/><line number="115" hits="3"/><line number="121" hits="2"/><line number="126" hits="4"/><line number="131" hits="3"/><line number="134" hits="3"/><line number="135" hits="2"/><line number="136" hits="2"/><line number="138" hits="1"/><line number="140" hits="2"/><line number="144" hits="2"/><line number="149" hits="3"/><line number="150" hits="2"/><line number="151" hits="3"/><line number="152" hits="1"/><line number="153" hits="1"/><line number="160" hits="1"/><line number="165" hits="2"/><line number="166" hits="2"/><line number="167" hits="1"/><line number="170" hits="2"/><line number="172" hits="2"/><line number="174" hits="2"/><line number="177" hits="1"/><line number="181" hits="1"/><line number="184" hits="1"/><line number="186" hits="5"/><line number="192" hits="0"/><line number="193" hits="0"/><line number="221" hits="0"/><line number="231" hits="0"/><line number="232" hits="0"/><line number="233" hits="0"/><line number="235" hits="0"/><line number="239" hits="0"/><line number="240" hits="0"/><line number="241" hits="0"/><line number="247" hits="0"/><line number="255" hits="0"/><line number="260" hits="0"/><line number="261" hits="0"/><line number="262" hits="0"/></lines></class></classes></package></packages></coverage>